<?xml version="1.0" encoding="UTF-8"?>
<coverage generated="1691891354792" clover="3.2.0">
  <project timestamp="1691891354792" name="All files">
    <metrics statements="16" coveredstatements="10" conditionals="6" coveredconditionals="4" methods="4" coveredmethods="3" elements="26" coveredelements="17" complexity="0" loc="16" ncloc="16" packages="1" files="1" classes="1"/>
    <file name="planetAge.js" path="/Users/genecourtney/Desktop/galacticAgeCalculator/src/js/planetAge.js">
      <metrics statements="16" coveredstatements="10" conditionals="6" coveredconditionals="4" methods="4" coveredmethods="3"/>
      <line num="3" count="1" type="stmt"/>
      <line num="16" count="9" type="cond" truecount="2" falsecount="0"/>
      <line num="17" count="8" type="stmt"/>
      <line num="19" count="1" type="stmt"/>
      <line num="24" count="9" type="cond" truecount="2" falsecount="0"/>
      <line num="25" count="8" type="stmt"/>
      <line num="26" count="8" type="stmt"/>
      <line num="27" count="8" type="stmt"/>
      <line num="28" count="8" type="stmt"/>
      <line num="30" count="1" type="stmt"/>
      <line num="35" count="0" type="cond" truecount="0" falsecount="2"/>
      <line num="36" count="0" type="stmt"/>
      <line num="37" count="0" type="stmt"/>
      <line num="38" count="0" type="stmt"/>
      <line num="39" count="0" type="stmt"/>
      <line num="41" count="0" type="stmt"/>
    </file>
  </project>
</coverage>
