{"/Users/genecourtney/Desktop/galacticAgeCalculator/src/js/planetAge.js": {"path":"/Users/genecourtney/Desktop/galacticAgeCalculator/src/js/planetAge.js","statementMap":{"0":{"start":{"line":3,"column":8},"end":{"line":12,"column":10}},"1":{"start":{"line":16,"column":8},"end":{"line":20,"column":9}},"2":{"start":{"line":17,"column":12},"end":{"line":17,"column":55}},"3":{"start":{"line":19,"column":12},"end":{"line":19,"column":66}},"4":{"start":{"line":24,"column":8},"end":{"line":31,"column":9}},"5":{"start":{"line":25,"column":24},"end":{"line":25,"column":34}},"6":{"start":{"line":26,"column":29},"end":{"line":26,"column":59}},"7":{"start":{"line":27,"column":31},"end":{"line":27,"column":69}},"8":{"start":{"line":28,"column":12},"end":{"line":28,"column":57}},"9":{"start":{"line":30,"column":12},"end":{"line":30,"column":66}},"10":{"start":{"line":35,"column":8},"end":{"line":42,"column":9}},"11":{"start":{"line":36,"column":24},"end":{"line":36,"column":34}},"12":{"start":{"line":37,"column":29},"end":{"line":37,"column":59}},"13":{"start":{"line":38,"column":31},"end":{"line":38,"column":69}},"14":{"start":{"line":39,"column":12},"end":{"line":39,"column":57}},"15":{"start":{"line":41,"column":12},"end":{"line":41,"column":66}}},"fnMap":{"0":{"name":"(anonymous_0)","decl":{"start":{"line":2,"column":4},"end":{"line":2,"column":5}},"loc":{"start":{"line":2,"column":18},"end":{"line":13,"column":5}},"line":2},"1":{"name":"(anonymous_1)","decl":{"start":{"line":15,"column":4},"end":{"line":15,"column":5}},"loc":{"start":{"line":15,"column":39},"end":{"line":21,"column":5}},"line":15},"2":{"name":"(anonymous_2)","decl":{"start":{"line":23,"column":4},"end":{"line":23,"column":5}},"loc":{"start":{"line":23,"column":33},"end":{"line":32,"column":5}},"line":23},"3":{"name":"(anonymous_3)","decl":{"start":{"line":34,"column":4},"end":{"line":34,"column":5}},"loc":{"start":{"line":34,"column":33},"end":{"line":43,"column":5}},"line":34}},"branchMap":{"0":{"loc":{"start":{"line":16,"column":8},"end":{"line":20,"column":9}},"type":"if","locations":[{"start":{"line":16,"column":8},"end":{"line":20,"column":9}},{"start":{"line":16,"column":8},"end":{"line":20,"column":9}}],"line":16},"1":{"loc":{"start":{"line":24,"column":8},"end":{"line":31,"column":9}},"type":"if","locations":[{"start":{"line":24,"column":8},"end":{"line":31,"column":9}},{"start":{"line":24,"column":8},"end":{"line":31,"column":9}}],"line":24},"2":{"loc":{"start":{"line":35,"column":8},"end":{"line":42,"column":9}},"type":"if","locations":[{"start":{"line":35,"column":8},"end":{"line":42,"column":9}},{"start":{"line":35,"column":8},"end":{"line":42,"column":9}}],"line":35}},"s":{"0":1,"1":9,"2":8,"3":1,"4":9,"5":8,"6":8,"7":8,"8":8,"9":1,"10":5,"11":5,"12":5,"13":5,"14":5,"15":0},"f":{"0":1,"1":9,"2":9,"3":5},"b":{"0":[8,1],"1":[8,1],"2":[5,0]},"_coverageSchema":"43e27e138ebf9cfc5966b082cf9a028302ed4184","hash":"d24759db1dc4b761d8159663e4b055ff27263813"}
}
