TN:
SF:/Users/genecourtney/Desktop/galacticAgeCalculator/src/js/planetAge.js
FN:2,(anonymous_0)
FN:15,(anonymous_1)
FN:23,(anonymous_2)
FN:34,(anonymous_3)
FNF:4
FNH:3
FNDA:1,(anonymous_0)
FNDA:9,(anonymous_1)
FNDA:6,(anonymous_2)
FNDA:0,(anonymous_3)
DA:3,1
DA:16,9
DA:17,8
DA:19,1
DA:24,6
DA:25,6
DA:26,6
DA:27,6
DA:28,6
DA:30,0
DA:35,0
DA:36,0
DA:37,0
DA:38,0
DA:39,0
DA:41,0
LF:16
LH:9
BRDA:16,0,0,8
BRDA:16,0,1,1
BRDA:24,1,0,6
BRDA:24,1,1,0
BRDA:35,2,0,0
BRDA:35,2,1,0
BRF:6
BRH:3
end_of_record
